running
  '/appl/R/4.3.0-oneapimkl2023.1/lib64/R/bin/R --no-echo --no-restore --file=simulation.R --args alphaNovel=0.005 alphaStateOfTheArt=0.005 scenario=1'


Attaching package: ‘dplyr’

The following objects are masked from ‘package:plyr’:

    arrange, count, desc, failwith, id, mutate, rename, summarise,
    summarize

The following objects are masked from ‘package:stats’:

    filter, lag

The following objects are masked from ‘package:base’:

    intersect, setdiff, setequal, union


Attaching package: ‘purrr’

The following object is masked from ‘package:plyr’:

    compact

Loading required package: foreach

Attaching package: ‘foreach’

The following objects are masked from ‘package:purrr’:

    accumulate, when

Loading required package: iterators
Loading required package: parallel
Loading required package: sp
The legacy packages maptools, rgdal, and rgeos, underpinning this package
will retire shortly. Please refer to R-spatial evolution reports on
https://r-spatial.org/r/2023/05/15/evolution4.html for details.
This package is now running under evolution status 0 
Loading required package: xtable
This is surveillance 1.21.1; see ‘package?surveillance’ or
https://surveillance.R-Forge.R-project.org/ for an overview.
g++: error: unrecognized command line option ‘-std=gnu++17’
using C++ compiler: ‘g++ (GCC) 4.8.5 20150623 (Red Hat 4.8.5-44)’
g++: error: unrecognized command line option ‘-std=gnu++17’
using C++ compiler: ‘g++ (GCC) 4.8.5 20150623 (Red Hat 4.8.5-44)’
g++: error: unrecognized command line option ‘-std=gnu++17’
using C++ compiler: ‘g++ (GCC) 4.8.5 20150623 (Red Hat 4.8.5-44)’
g++: error: unrecognized command line option ‘-std=gnu++17’
using C++ compiler: ‘g++ (GCC) 4.8.5 20150623 (Red Hat 4.8.5-44)’
g++: error: unrecognized command line option ‘-std=gnu++17’
using C++ compiler: ‘g++ (GCC) 4.8.5 20150623 (Red Hat 4.8.5-44)’
g++: error: unrecognized command line option ‘-std=gnu++17’
using C++ compiler: ‘g++ (GCC) 4.8.5 20150623 (Red Hat 4.8.5-44)’
g++: error: unrecognized command line option ‘-std=gnu++17’
using C++ compiler: ‘g++ (GCC) 4.8.5 20150623 (Red Hat 4.8.5-44)’
g++: error: unrecognized command line option ‘-std=gnu++17’
using C++ compiler: ‘g++ (GCC) 4.8.5 20150623 (Red Hat 4.8.5-44)’
g++: error: unrecognized command line option ‘-std=gnu++17’
using C++ compiler: ‘g++ (GCC) 4.8.5 20150623 (Red Hat 4.8.5-44)’
g++: error: unrecognized command line option ‘-std=gnu++17’
using C++ compiler: ‘g++ (GCC) 4.8.5 20150623 (Red Hat 4.8.5-44)’
g++: error: unrecognized command line option ‘-std=gnu++17’
g++: error: unrecognized command line option ‘-std=gnu++17’
using C++ compiler: ‘g++ (GCC) 4.8.5 20150623 (Red Hat 4.8.5-44)’
using C++ compiler: ‘g++ (GCC) 4.8.5 20150623 (Red Hat 4.8.5-44)’
g++: error: unrecognized command line option ‘-std=gnu++17’
using C++ compiler: ‘g++ (GCC) 4.8.5 20150623 (Red Hat 4.8.5-44)’
g++: error: unrecognized command line option ‘-std=gnu++17’
using C++ compiler: ‘g++ (GCC) 4.8.5 20150623 (Red Hat 4.8.5-44)’
g++: error: unrecognized command line option ‘-std=gnu++17’
using C++ compiler: ‘g++ (GCC) 4.8.5 20150623 (Red Hat 4.8.5-44)’
g++: error: unrecognized command line option ‘-std=gnu++17’
using C++ compiler: ‘g++ (GCC) 4.8.5 20150623 (Red Hat 4.8.5-44)’
g++: error: unrecognized command line option ‘-std=gnu++17’
using C++ compiler: ‘g++ (GCC) 4.8.5 20150623 (Red Hat 4.8.5-44)’
g++: error: unrecognized command line option ‘-std=gnu++17’
using C++ compiler: ‘g++ (GCC) 4.8.5 20150623 (Red Hat 4.8.5-44)’
g++: error: unrecognized command line option ‘-std=gnu++17’
using C++ compiler: ‘g++ (GCC) 4.8.5 20150623 (Red Hat 4.8.5-44)’
g++: error: unrecognized command line option ‘-std=gnu++17’
using C++ compiler: ‘g++ (GCC) 4.8.5 20150623 (Red Hat 4.8.5-44)’
g++: error: unrecognized command line option ‘-std=gnu++17’
using C++ compiler: ‘g++ (GCC) 4.8.5 20150623 (Red Hat 4.8.5-44)’
g++: error: unrecognized command line option ‘-std=gnu++17’
using C++ compiler: ‘g++ (GCC) 4.8.5 20150623 (Red Hat 4.8.5-44)’
g++: error: unrecognized command line option ‘-std=gnu++17’
using C++ compiler: ‘g++ (GCC) 4.8.5 20150623 (Red Hat 4.8.5-44)’
g++: error: unrecognized command line option ‘-std=gnu++17’
using C++ compiler: ‘g++ (GCC) 4.8.5 20150623 (Red Hat 4.8.5-44)’
g++: error: unrecognized command line option ‘-std=gnu++17’
using C++ compiler: ‘g++ (GCC) 4.8.5 20150623 (Red Hat 4.8.5-44)’
g++: error: unrecognized command line option ‘-std=gnu++17’
using C++ compiler: ‘g++ (GCC) 4.8.5 20150623 (Red Hat 4.8.5-44)’
g++: error: unrecognized command line option ‘-std=gnu++17’
using C++ compiler: ‘g++ (GCC) 4.8.5 20150623 (Red Hat 4.8.5-44)’
g++: error: unrecognized command line option ‘-std=gnu++17’
using C++ compiler: ‘g++ (GCC) 4.8.5 20150623 (Red Hat 4.8.5-44)’
g++: error: unrecognized command line option ‘-std=gnu++17’
using C++ compiler: ‘g++ (GCC) 4.8.5 20150623 (Red Hat 4.8.5-44)’
g++: error: unrecognized command line option ‘-std=gnu++17’
using C++ compiler: ‘g++ (GCC) 4.8.5 20150623 (Red Hat 4.8.5-44)’
g++: error: unrecognized command line option ‘-std=gnu++17’
using C++ compiler: ‘g++ (GCC) 4.8.5 20150623 (Red Hat 4.8.5-44)’
g++: error: unrecognized command line option ‘-std=gnu++17’
using C++ compiler: ‘g++ (GCC) 4.8.5 20150623 (Red Hat 4.8.5-44)’
g++: error: unrecognized command line option ‘-std=gnu++17’
using C++ compiler: ‘g++ (GCC) 4.8.5 20150623 (Red Hat 4.8.5-44)’
g++: error: unrecognized command line option ‘-std=gnu++17’
using C++ compiler: ‘g++ (GCC) 4.8.5 20150623 (Red Hat 4.8.5-44)’
g++: error: unrecognized command line option ‘-std=gnu++17’
using C++ compiler: ‘g++ (GCC) 4.8.5 20150623 (Red Hat 4.8.5-44)’
g++: error: unrecognized command line option ‘-std=gnu++17’
using C++ compiler: ‘g++ (GCC) 4.8.5 20150623 (Red Hat 4.8.5-44)’
g++: error: unrecognized command line option ‘-std=gnu++17’
using C++ compiler: ‘g++ (GCC) 4.8.5 20150623 (Red Hat 4.8.5-44)’
g++: error: unrecognized command line option ‘-std=gnu++17’
using C++ compiler: ‘g++ (GCC) 4.8.5 20150623 (Red Hat 4.8.5-44)’
g++: error: unrecognized command line option ‘-std=gnu++17’
using C++ compiler: ‘g++ (GCC) 4.8.5 20150623 (Red Hat 4.8.5-44)’
g++: error: unrecognized command line option ‘-std=gnu++17’
using C++ compiler: ‘g++ (GCC) 4.8.5 20150623 (Red Hat 4.8.5-44)’
g++: error: unrecognized command line option ‘-std=gnu++17’
using C++ compiler: ‘g++ (GCC) 4.8.5 20150623 (Red Hat 4.8.5-44)’
g++: error: unrecognized command line option ‘-std=gnu++17’
using C++ compiler: ‘g++ (GCC) 4.8.5 20150623 (Red Hat 4.8.5-44)’
g++: error: unrecognized command line option ‘-std=gnu++17’
g++: error: unrecognized command line option ‘-std=gnu++17’
using C++ compiler: ‘g++ (GCC) 4.8.5 20150623 (Red Hat 4.8.5-44)’
using C++ compiler: ‘g++ (GCC) 4.8.5 20150623 (Red Hat 4.8.5-44)’
g++: error: unrecognized command line option ‘-std=gnu++17’
using C++ compiler: ‘g++ (GCC) 4.8.5 20150623 (Red Hat 4.8.5-44)’
g++: error: unrecognized command line option ‘-std=gnu++17’
using C++ compiler: ‘g++ (GCC) 4.8.5 20150623 (Red Hat 4.8.5-44)’
g++: error: unrecognized command line option ‘-std=gnu++17’
using C++ compiler: ‘g++ (GCC) 4.8.5 20150623 (Red Hat 4.8.5-44)’
g++: error: unrecognized command line option ‘-std=gnu++17’
using C++ compiler: ‘g++ (GCC) 4.8.5 20150623 (Red Hat 4.8.5-44)’
g++: error: unrecognized command line option ‘-std=gnu++17’
using C++ compiler: ‘g++ (GCC) 4.8.5 20150623 (Red Hat 4.8.5-44)’
g++: error: unrecognized command line option ‘-std=gnu++17’
using C++ compiler: ‘g++ (GCC) 4.8.5 20150623 (Red Hat 4.8.5-44)’
g++: error: unrecognized command line option ‘-std=gnu++17’
using C++ compiler: ‘g++ (GCC) 4.8.5 20150623 (Red Hat 4.8.5-44)’
g++: error: unrecognized command line option ‘-std=gnu++17’
using C++ compiler: ‘g++ (GCC) 4.8.5 20150623 (Red Hat 4.8.5-44)’
g++: error: unrecognized command line option ‘-std=gnu++17’
using C++ compiler: ‘g++ (GCC) 4.8.5 20150623 (Red Hat 4.8.5-44)’
g++: error: unrecognized command line option ‘-std=gnu++17’
using C++ compiler: ‘g++ (GCC) 4.8.5 20150623 (Red Hat 4.8.5-44)’
g++: error: unrecognized command line option ‘-std=gnu++17’
using C++ compiler: ‘g++ (GCC) 4.8.5 20150623 (Red Hat 4.8.5-44)’
g++: error: unrecognized command line option ‘-std=gnu++17’
using C++ compiler: ‘g++ (GCC) 4.8.5 20150623 (Red Hat 4.8.5-44)’
g++: error: unrecognized command line option ‘-std=gnu++17’
using C++ compiler: ‘g++ (GCC) 4.8.5 20150623 (Red Hat 4.8.5-44)’
g++: error: unrecognized command line option ‘-std=gnu++17’
using C++ compiler: ‘g++ (GCC) 4.8.5 20150623 (Red Hat 4.8.5-44)’
g++: error: unrecognized command line option ‘-std=gnu++17’
using C++ compiler: ‘g++ (GCC) 4.8.5 20150623 (Red Hat 4.8.5-44)’
g++: error: unrecognized command line option ‘-std=gnu++17’
using C++ compiler: ‘g++ (GCC) 4.8.5 20150623 (Red Hat 4.8.5-44)’
g++: error: unrecognized command line option ‘-std=gnu++17’
using C++ compiler: ‘g++ (GCC) 4.8.5 20150623 (Red Hat 4.8.5-44)’
g++: error: unrecognized command line option ‘-std=gnu++17’
using C++ compiler: ‘g++ (GCC) 4.8.5 20150623 (Red Hat 4.8.5-44)’
g++: error: unrecognized command line option ‘-std=gnu++17’
using C++ compiler: ‘g++ (GCC) 4.8.5 20150623 (Red Hat 4.8.5-44)’
g++: error: unrecognized command line option ‘-std=gnu++17’
using C++ compiler: ‘g++ (GCC) 4.8.5 20150623 (Red Hat 4.8.5-44)’
g++: error: unrecognized command line option ‘-std=gnu++17’
using C++ compiler: ‘g++ (GCC) 4.8.5 20150623 (Red Hat 4.8.5-44)’
g++: error: unrecognized command line option ‘-std=gnu++17’
using C++ compiler: ‘g++ (GCC) 4.8.5 20150623 (Red Hat 4.8.5-44)’
g++: error: unrecognized command line option ‘-std=gnu++17’
using C++ compiler: ‘g++ (GCC) 4.8.5 20150623 (Red Hat 4.8.5-44)’
g++: error: unrecognized command line option ‘-std=gnu++17’
using C++ compiler: ‘g++ (GCC) 4.8.5 20150623 (Red Hat 4.8.5-44)’
g++: error: unrecognized command line option ‘-std=gnu++17’
using C++ compiler: ‘g++ (GCC) 4.8.5 20150623 (Red Hat 4.8.5-44)’
g++: error: unrecognized command line option ‘-std=gnu++17’
using C++ compiler: ‘g++ (GCC) 4.8.5 20150623 (Red Hat 4.8.5-44)’
g++: error: unrecognized command line option ‘-std=gnu++17’
using C++ compiler: ‘g++ (GCC) 4.8.5 20150623 (Red Hat 4.8.5-44)’
g++: error: unrecognized command line option ‘-std=gnu++17’
using C++ compiler: ‘g++ (GCC) 4.8.5 20150623 (Red Hat 4.8.5-44)’
g++: error: unrecognized command line option ‘-std=gnu++17’
using C++ compiler: ‘g++ (GCC) 4.8.5 20150623 (Red Hat 4.8.5-44)’
g++: error: unrecognized command line option ‘-std=gnu++17’
using C++ compiler: ‘g++ (GCC) 4.8.5 20150623 (Red Hat 4.8.5-44)’
g++: error: unrecognized command line option ‘-std=gnu++17’
using C++ compiler: ‘g++ (GCC) 4.8.5 20150623 (Red Hat 4.8.5-44)’
g++: error: unrecognized command line option ‘-std=gnu++17’
using C++ compiler: ‘g++ (GCC) 4.8.5 20150623 (Red Hat 4.8.5-44)’
g++: error: unrecognized command line option ‘-std=gnu++17’
using C++ compiler: ‘g++ (GCC) 4.8.5 20150623 (Red Hat 4.8.5-44)’
g++: error: unrecognized command line option ‘-std=gnu++17’
using C++ compiler: ‘g++ (GCC) 4.8.5 20150623 (Red Hat 4.8.5-44)’
g++: error: unrecognized command line option ‘-std=gnu++17’
using C++ compiler: ‘g++ (GCC) 4.8.5 20150623 (Red Hat 4.8.5-44)’
g++: error: unrecognized command line option ‘-std=gnu++17’
using C++ compiler: ‘g++ (GCC) 4.8.5 20150623 (Red Hat 4.8.5-44)’
g++: error: unrecognized command line option ‘-std=gnu++17’
using C++ compiler: ‘g++ (GCC) 4.8.5 20150623 (Red Hat 4.8.5-44)’
g++: error: unrecognized command line option ‘-std=gnu++17’
using C++ compiler: ‘g++ (GCC) 4.8.5 20150623 (Red Hat 4.8.5-44)’
g++: error: unrecognized command line option ‘-std=gnu++17’
using C++ compiler: ‘g++ (GCC) 4.8.5 20150623 (Red Hat 4.8.5-44)’
g++: error: unrecognized command line option ‘-std=gnu++17’
using C++ compiler: ‘g++ (GCC) 4.8.5 20150623 (Red Hat 4.8.5-44)’
g++: error: unrecognized command line option ‘-std=gnu++17’
using C++ compiler: ‘g++ (GCC) 4.8.5 20150623 (Red Hat 4.8.5-44)’
g++: error: unrecognized command line option ‘-std=gnu++17’
using C++ compiler: ‘g++ (GCC) 4.8.5 20150623 (Red Hat 4.8.5-44)’
g++: error: unrecognized command line option ‘-std=gnu++17’
using C++ compiler: ‘g++ (GCC) 4.8.5 20150623 (Red Hat 4.8.5-44)’
g++: error: unrecognized command line option ‘-std=gnu++17’
using C++ compiler: ‘g++ (GCC) 4.8.5 20150623 (Red Hat 4.8.5-44)’
g++: error: unrecognized command line option ‘-std=gnu++17’
using C++ compiler: ‘g++ (GCC) 4.8.5 20150623 (Red Hat 4.8.5-44)’
g++: error: unrecognized command line option ‘-std=gnu++17’
using C++ compiler: ‘g++ (GCC) 4.8.5 20150623 (Red Hat 4.8.5-44)’
g++: error: unrecognized command line option ‘-std=gnu++17’
using C++ compiler: ‘g++ (GCC) 4.8.5 20150623 (Red Hat 4.8.5-44)’
g++: error: unrecognized command line option ‘-std=gnu++17’
using C++ compiler: ‘g++ (GCC) 4.8.5 20150623 (Red Hat 4.8.5-44)’
g++: error: unrecognized command line option ‘-std=gnu++17’
using C++ compiler: ‘g++ (GCC) 4.8.5 20150623 (Red Hat 4.8.5-44)’
g++: error: unrecognized command line option ‘-std=gnu++17’
using C++ compiler: ‘g++ (GCC) 4.8.5 20150623 (Red Hat 4.8.5-44)’
g++: error: unrecognized command line option ‘-std=gnu++17’
using C++ compiler: ‘g++ (GCC) 4.8.5 20150623 (Red Hat 4.8.5-44)’
g++: error: unrecognized command line option ‘-std=gnu++17’
using C++ compiler: ‘g++ (GCC) 4.8.5 20150623 (Red Hat 4.8.5-44)’
g++: error: unrecognized command line option ‘-std=gnu++17’
using C++ compiler: ‘g++ (GCC) 4.8.5 20150623 (Red Hat 4.8.5-44)’
g++: error: unrecognized command line option ‘-std=gnu++17’
using C++ compiler: ‘g++ (GCC) 4.8.5 20150623 (Red Hat 4.8.5-44)’
g++: error: unrecognized command line option ‘-std=gnu++17’
using C++ compiler: ‘g++ (GCC) 4.8.5 20150623 (Red Hat 4.8.5-44)’
g++: error: unrecognized command line option ‘-std=gnu++17’
using C++ compiler: ‘g++ (GCC) 4.8.5 20150623 (Red Hat 4.8.5-44)’
g++: error: unrecognized command line option ‘-std=gnu++17’
using C++ compiler: ‘g++ (GCC) 4.8.5 20150623 (Red Hat 4.8.5-44)’
g++: error: unrecognized command line option ‘-std=gnu++17’
using C++ compiler: ‘g++ (GCC) 4.8.5 20150623 (Red Hat 4.8.5-44)’
g++: error: unrecognized command line option ‘-std=gnu++17’
using C++ compiler: ‘g++ (GCC) 4.8.5 20150623 (Red Hat 4.8.5-44)’
g++: error: unrecognized command line option ‘-std=gnu++17’
using C++ compiler: ‘g++ (GCC) 4.8.5 20150623 (Red Hat 4.8.5-44)’
g++: error: unrecognized command line option ‘-std=gnu++17’
using C++ compiler: ‘g++ (GCC) 4.8.5 20150623 (Red Hat 4.8.5-44)’
g++: error: unrecognized command line option ‘-std=gnu++17’
using C++ compiler: ‘g++ (GCC) 4.8.5 20150623 (Red Hat 4.8.5-44)’
g++: error: unrecognized command line option ‘-std=gnu++17’
using C++ compiler: ‘g++ (GCC) 4.8.5 20150623 (Red Hat 4.8.5-44)’
g++: error: unrecognized command line option ‘-std=gnu++17’
using C++ compiler: ‘g++ (GCC) 4.8.5 20150623 (Red Hat 4.8.5-44)’
g++: error: unrecognized command line option ‘-std=gnu++17’
using C++ compiler: ‘g++ (GCC) 4.8.5 20150623 (Red Hat 4.8.5-44)’
g++: error: unrecognized command line option ‘-std=gnu++17’
using C++ compiler: ‘g++ (GCC) 4.8.5 20150623 (Red Hat 4.8.5-44)’
g++: error: unrecognized command line option ‘-std=gnu++17’
using C++ compiler: ‘g++ (GCC) 4.8.5 20150623 (Red Hat 4.8.5-44)’
g++: error: unrecognized command line option ‘-std=gnu++17’
using C++ compiler: ‘g++ (GCC) 4.8.5 20150623 (Red Hat 4.8.5-44)’
g++: error: unrecognized command line option ‘-std=gnu++17’
using C++ compiler: ‘g++ (GCC) 4.8.5 20150623 (Red Hat 4.8.5-44)’
g++: error: unrecognized command line option ‘-std=gnu++17’
using C++ compiler: ‘g++ (GCC) 4.8.5 20150623 (Red Hat 4.8.5-44)’
g++: error: unrecognized command line option ‘-std=gnu++17’
using C++ compiler: ‘g++ (GCC) 4.8.5 20150623 (Red Hat 4.8.5-44)’
g++: error: unrecognized command line option ‘-std=gnu++17’
using C++ compiler: ‘g++ (GCC) 4.8.5 20150623 (Red Hat 4.8.5-44)’
g++: error: unrecognized command line option ‘-std=gnu++17’
using C++ compiler: ‘g++ (GCC) 4.8.5 20150623 (Red Hat 4.8.5-44)’
g++: error: unrecognized command line option ‘-std=gnu++17’
using C++ compiler: ‘g++ (GCC) 4.8.5 20150623 (Red Hat 4.8.5-44)’
g++: error: unrecognized command line option ‘-std=gnu++17’
using C++ compiler: ‘g++ (GCC) 4.8.5 20150623 (Red Hat 4.8.5-44)’
g++: error: unrecognized command line option ‘-std=gnu++17’
using C++ compiler: ‘g++ (GCC) 4.8.5 20150623 (Red Hat 4.8.5-44)’
g++: error: unrecognized command line option ‘-std=gnu++17’
using C++ compiler: ‘g++ (GCC) 4.8.5 20150623 (Red Hat 4.8.5-44)’
g++: error: unrecognized command line option ‘-std=gnu++17’
using C++ compiler: ‘g++ (GCC) 4.8.5 20150623 (Red Hat 4.8.5-44)’
g++: error: unrecognized command line option ‘-std=gnu++17’
using C++ compiler: ‘g++ (GCC) 4.8.5 20150623 (Red Hat 4.8.5-44)’
g++: error: unrecognized command line option ‘-std=gnu++17’
using C++ compiler: ‘g++ (GCC) 4.8.5 20150623 (Red Hat 4.8.5-44)’
g++: error: unrecognized command line option ‘-std=gnu++17’
using C++ compiler: ‘g++ (GCC) 4.8.5 20150623 (Red Hat 4.8.5-44)’
g++: error: unrecognized command line option ‘-std=gnu++17’
using C++ compiler: ‘g++ (GCC) 4.8.5 20150623 (Red Hat 4.8.5-44)’
g++: error: unrecognized command line option ‘-std=gnu++17’
using C++ compiler: ‘g++ (GCC) 4.8.5 20150623 (Red Hat 4.8.5-44)’
g++: error: unrecognized command line option ‘-std=gnu++17’
using C++ compiler: ‘g++ (GCC) 4.8.5 20150623 (Red Hat 4.8.5-44)’
g++: error: unrecognized command line option ‘-std=gnu++17’
using C++ compiler: ‘g++ (GCC) 4.8.5 20150623 (Red Hat 4.8.5-44)’
g++: error: unrecognized command line option ‘-std=gnu++17’
using C++ compiler: ‘g++ (GCC) 4.8.5 20150623 (Red Hat 4.8.5-44)’
g++: error: unrecognized command line option ‘-std=gnu++17’
using C++ compiler: ‘g++ (GCC) 4.8.5 20150623 (Red Hat 4.8.5-44)’
g++: error: unrecognized command line option ‘-std=gnu++17’
using C++ compiler: ‘g++ (GCC) 4.8.5 20150623 (Red Hat 4.8.5-44)’
g++: error: unrecognized command line option ‘-std=gnu++17’
using C++ compiler: ‘g++ (GCC) 4.8.5 20150623 (Red Hat 4.8.5-44)’
g++: error: unrecognized command line option ‘-std=gnu++17’
using C++ compiler: ‘g++ (GCC) 4.8.5 20150623 (Red Hat 4.8.5-44)’
g++: error: unrecognized command line option ‘-std=gnu++17’
using C++ compiler: ‘g++ (GCC) 4.8.5 20150623 (Red Hat 4.8.5-44)’
g++: error: unrecognized command line option ‘-std=gnu++17’
using C++ compiler: ‘g++ (GCC) 4.8.5 20150623 (Red Hat 4.8.5-44)’
g++: error: unrecognized command line option ‘-std=gnu++17’
using C++ compiler: ‘g++ (GCC) 4.8.5 20150623 (Red Hat 4.8.5-44)’
g++: error: unrecognized command line option ‘-std=gnu++17’
using C++ compiler: ‘g++ (GCC) 4.8.5 20150623 (Red Hat 4.8.5-44)’
g++: error: unrecognized command line option ‘-std=gnu++17’
using C++ compiler: ‘g++ (GCC) 4.8.5 20150623 (Red Hat 4.8.5-44)’
g++: error: unrecognized command line option ‘-std=gnu++17’
using C++ compiler: ‘g++ (GCC) 4.8.5 20150623 (Red Hat 4.8.5-44)’
g++: error: unrecognized command line option ‘-std=gnu++17’
using C++ compiler: ‘g++ (GCC) 4.8.5 20150623 (Red Hat 4.8.5-44)’
g++: error: unrecognized command line option ‘-std=gnu++17’
using C++ compiler: ‘g++ (GCC) 4.8.5 20150623 (Red Hat 4.8.5-44)’
g++: error: unrecognized command line option ‘-std=gnu++17’
using C++ compiler: ‘g++ (GCC) 4.8.5 20150623 (Red Hat 4.8.5-44)’
g++: error: unrecognized command line option ‘-std=gnu++17’
using C++ compiler: ‘g++ (GCC) 4.8.5 20150623 (Red Hat 4.8.5-44)’
g++: error: unrecognized command line option ‘-std=gnu++17’
using C++ compiler: ‘g++ (GCC) 4.8.5 20150623 (Red Hat 4.8.5-44)’
g++: error: unrecognized command line option ‘-std=gnu++17’
using C++ compiler: ‘g++ (GCC) 4.8.5 20150623 (Red Hat 4.8.5-44)’
g++: error: unrecognized command line option ‘-std=gnu++17’
using C++ compiler: ‘g++ (GCC) 4.8.5 20150623 (Red Hat 4.8.5-44)’
g++: error: unrecognized command line option ‘-std=gnu++17’
using C++ compiler: ‘g++ (GCC) 4.8.5 20150623 (Red Hat 4.8.5-44)’
g++: error: unrecognized command line option ‘-std=gnu++17’
using C++ compiler: ‘g++ (GCC) 4.8.5 20150623 (Red Hat 4.8.5-44)’
g++: error: unrecognized command line option ‘-std=gnu++17’
using C++ compiler: ‘g++ (GCC) 4.8.5 20150623 (Red Hat 4.8.5-44)’
g++: error: unrecognized command line option ‘-std=gnu++17’
using C++ compiler: ‘g++ (GCC) 4.8.5 20150623 (Red Hat 4.8.5-44)’
g++: error: unrecognized command line option ‘-std=gnu++17’
using C++ compiler: ‘g++ (GCC) 4.8.5 20150623 (Red Hat 4.8.5-44)’
g++: error: unrecognized command line option ‘-std=gnu++17’
using C++ compiler: ‘g++ (GCC) 4.8.5 20150623 (Red Hat 4.8.5-44)’
g++: error: unrecognized command line option ‘-std=gnu++17’
using C++ compiler: ‘g++ (GCC) 4.8.5 20150623 (Red Hat 4.8.5-44)’
g++: error: unrecognized command line option ‘-std=gnu++17’
using C++ compiler: ‘g++ (GCC) 4.8.5 20150623 (Red Hat 4.8.5-44)’
g++: error: unrecognized command line option ‘-std=gnu++17’
using C++ compiler: ‘g++ (GCC) 4.8.5 20150623 (Red Hat 4.8.5-44)’
g++: error: unrecognized command line option ‘-std=gnu++17’
using C++ compiler: ‘g++ (GCC) 4.8.5 20150623 (Red Hat 4.8.5-44)’
g++: error: unrecognized command line option ‘-std=gnu++17’
using C++ compiler: ‘g++ (GCC) 4.8.5 20150623 (Red Hat 4.8.5-44)’
g++: error: unrecognized command line option ‘-std=gnu++17’
using C++ compiler: ‘g++ (GCC) 4.8.5 20150623 (Red Hat 4.8.5-44)’
g++: error: unrecognized command line option ‘-std=gnu++17’
using C++ compiler: ‘g++ (GCC) 4.8.5 20150623 (Red Hat 4.8.5-44)’
g++: error: unrecognized command line option ‘-std=gnu++17’
using C++ compiler: ‘g++ (GCC) 4.8.5 20150623 (Red Hat 4.8.5-44)’
g++: error: unrecognized command line option ‘-std=gnu++17’
using C++ compiler: ‘g++ (GCC) 4.8.5 20150623 (Red Hat 4.8.5-44)’
g++: error: unrecognized command line option ‘-std=gnu++17’
using C++ compiler: ‘g++ (GCC) 4.8.5 20150623 (Red Hat 4.8.5-44)’
g++: error: unrecognized command line option ‘-std=gnu++17’
using C++ compiler: ‘g++ (GCC) 4.8.5 20150623 (Red Hat 4.8.5-44)’
g++: error: unrecognized command line option ‘-std=gnu++17’
using C++ compiler: ‘g++ (GCC) 4.8.5 20150623 (Red Hat 4.8.5-44)’
g++: error: unrecognized command line option ‘-std=gnu++17’
using C++ compiler: ‘g++ (GCC) 4.8.5 20150623 (Red Hat 4.8.5-44)’
g++: error: unrecognized command line option ‘-std=gnu++17’
using C++ compiler: ‘g++ (GCC) 4.8.5 20150623 (Red Hat 4.8.5-44)’
g++: error: unrecognized command line option ‘-std=gnu++17’
using C++ compiler: ‘g++ (GCC) 4.8.5 20150623 (Red Hat 4.8.5-44)’
g++: error: unrecognized command line option ‘-std=gnu++17’
using C++ compiler: ‘g++ (GCC) 4.8.5 20150623 (Red Hat 4.8.5-44)’
g++: error: unrecognized command line option ‘-std=gnu++17’
using C++ compiler: ‘g++ (GCC) 4.8.5 20150623 (Red Hat 4.8.5-44)’
g++: error: unrecognized command line option ‘-std=gnu++17’
using C++ compiler: ‘g++ (GCC) 4.8.5 20150623 (Red Hat 4.8.5-44)’
g++: error: unrecognized command line option ‘-std=gnu++17’
using C++ compiler: ‘g++ (GCC) 4.8.5 20150623 (Red Hat 4.8.5-44)’
g++: error: unrecognized command line option ‘-std=gnu++17’
using C++ compiler: ‘g++ (GCC) 4.8.5 20150623 (Red Hat 4.8.5-44)’
