running
  '/appl/R/4.3.0-oneapimkl2023.1/lib64/R/bin/R --no-echo --no-restore --file=src/cases/SHIL.R'


Attaching package: ‘dplyr’

The following objects are masked from ‘package:stats’:

    filter, lag

The following objects are masked from ‘package:base’:

    intersect, setdiff, setequal, union

Loading required package: sp
The legacy packages maptools, rgdal, and rgeos, underpinning this package
will retire shortly. Please refer to R-spatial evolution reports on
https://r-spatial.org/r/2023/05/15/evolution4.html for details.
This package is now running under evolution status 0 
Loading required package: xtable
This is surveillance 1.21.1; see ‘package?surveillance’ or
https://surveillance.R-Forge.R-project.org/ for an overview.
Error in file(filename, "r", encoding = encoding) : 
  cannot open the connection
Calls: source -> file
In addition: Warning message:
In file(filename, "r", encoding = encoding) :
  cannot open file '../models/aeddo.R': No such file or directory
Execution halted
