/zhome/ab/5/122123/proj/AEDDO
Running R with arguments:

------------------------------------------------------------
Sender: LSF System <lsfadmin@hpc.dtu.dk>
Subject: Job 16896713: <src/cases/SHIL.R> in cluster <dcc> Exited

Job <src/cases/SHIL.R> was submitted from host <n-62-30-2> by user <s170397> in cluster <dcc> at Wed Jun 21 12:37:05 2023
Job was executed on host(s) <n-62-31-1>, in queue <hpc>, as user <s170397> in cluster <dcc> at Wed Jun 21 12:37:06 2023
</zhome/ab/5/122123> was used as the home directory.
</zhome/ab/5/122123/proj/AEDDO> was used as the working directory.
Started at Wed Jun 21 12:37:06 2023
Terminated at Wed Jun 21 12:37:09 2023
Results reported at Wed Jun 21 12:37:09 2023

Your job looked like:

------------------------------------------------------------
# LSBATCH: User input
#!/bin/sh
#BSUB -q hpc
### -- set the job Name -- 
#BSUB -J src/cases/SHIL.R
### -- ask for X cores -- 
#BSUB -n 1 
### -- specify that the cores must be on the same host -- 
#BSUB -R "span[hosts=1]"
### -- specify that we need 7 GB of memory per core/slot -- 
#BSUB -R "rusage[mem=16GB]"
### -- specify that we want the job to get killed if it exceeds 12 GB per core/slot -- 
#BSUB -M 16GB
### -- set walltime limit: hh:mm -- 
#BSUB -W 24:00 
### -- Specify the output and error file. %J is the job-id -- 
### -- -o and -e mean append, -oo and -eo mean overwrite -- 
#BSUB -o Output_%J.out 
#BSUB -e Error_%J.err

cd /zhome/ab/5/122123/proj/AEDDO
pwd

export R_BATCH_OPTIONS="--no-save"
# -- commands you want to execute -- # 
echo "Running R with arguments:"
#echo src/cases/SHIL.R
/appl/R/4.3.0-oneapimkl2023.1/bin/Rscript --verbose src/cases/SHIL.R > src/cases/SHIL.Rout


------------------------------------------------------------

Exited with exit code 1.

Resource usage summary:

    CPU time :                                   2.24 sec.
    Max Memory :                                 -
    Average Memory :                             -
    Total Requested Memory :                     16384.00 MB
    Delta Memory :                               -
    Max Swap :                                   -
    Max Processes :                              -
    Max Threads :                                -
    Run time :                                   98 sec.
    Turnaround time :                            4 sec.

The output (if any) is above this job summary.



PS:

Read file <Error_16896713.err> for stderr output of this job.

