
------------------------------------------------------------
Sender: LSF System <lsfadmin@hpc.dtu.dk>
Subject: Job 16896678: <SALM.R> in cluster <dcc> Exited

Job <SALM.R> was submitted from host <n-62-30-2> by user <s170397> in cluster <dcc> at Wed Jun 21 12:14:12 2023
Job was executed on host(s) <n-62-31-3>, in queue <hpc>, as user <s170397> in cluster <dcc> at Wed Jun 21 12:14:13 2023
</zhome/ab/5/122123> was used as the home directory.
</zhome/ab/5/122123/proj/AEDDO/src/cases> was used as the working directory.
Started at Wed Jun 21 12:14:13 2023
Terminated at Wed Jun 21 12:30:30 2023
Results reported at Wed Jun 21 12:30:30 2023

Your job looked like:

------------------------------------------------------------
# LSBATCH: User input
#!/bin/sh
#BSUB -q hpc
### -- set the job Name -- 
#BSUB -J SALM.R
### -- ask for X cores -- 
#BSUB -n 1 
### -- specify that the cores must be on the same host -- 
#BSUB -R "span[hosts=1]"
### -- specify that we need 7 GB of memory per core/slot -- 
#BSUB -R "rusage[mem=16GB]"
### -- specify that we want the job to get killed if it exceeds 12 GB per core/slot -- 
#BSUB -M 16GB
### -- set walltime limit: hh:mm -- 
#BSUB -W 24:00 
### -- Specify the output and error file. %J is the job-id -- 
### -- -o and -e mean append, -oo and -eo mean overwrite -- 
#BSUB -o Output_%J.out 
#BSUB -e Error_%J.err

cd /zhome/ab/5/122123/proj/AEDDO/src/cases
pwd

export R_BATCH_OPTIONS="--no-save"
# -- commands you want to execute -- # 
echo "Running R with arguments:"
#echo SALM.R
/appl/R/4.3.0-oneapimkl2023.1/bin/Rscript --verbose SALM.R > SALM.Rout


------------------------------------------------------------

Exited with exit code 1.

Resource usage summary:

    CPU time :                                   972.68 sec.
    Max Memory :                                 409 MB
    Average Memory :                             403.60 MB
    Total Requested Memory :                     16384.00 MB
    Delta Memory :                               15975.00 MB
    Max Swap :                                   -
    Max Processes :                              4
    Max Threads :                                6
    Run time :                                   1054 sec.
    Turnaround time :                            978 sec.

The output (if any) is above this job summary.



PS:

Read file <Error_16896678.err> for stderr output of this job.

