\BOOKMARK [1][]{Doc-Start}{\376\377\000P\000r\000e\000f\000a\000c\000e}{}% 1
\BOOKMARK [1][]{Doc-Start}{\376\377\000A\000b\000s\000t\000r\000a\000c\000t}{}% 2
\BOOKMARK [1][]{Doc-Start}{\376\377\000A\000c\000k\000n\000o\000w\000l\000e\000d\000g\000e\000m\000e\000n\000t\000s}{}% 3
\BOOKMARK [0][]{chapter.0.1}{\376\377\0001\000\040\000I\000n\000t\000r\000o\000d\000u\000c\000t\000i\000o\000n}{}% 4
\BOOKMARK [0][]{chapter.0.2}{\376\377\0002\000\040\000L\000i\000t\000e\000r\000a\000t\000u\000r\000e}{}% 5
\BOOKMARK [0][]{chapter.0.3}{\376\377\0003\000\040\000D\000a\000t\000a\000s\000e\000t}{}% 6
\BOOKMARK [0][]{chapter.0.4}{\376\377\0004\000\040\000M\000e\000t\000h\000o\000d\000s}{}% 7
\BOOKMARK [1][]{section.0.4.1}{\376\377\0004\000.\0001\000\040\000H\000i\000e\000r\000a\000r\000c\000h\000i\000c\000a\000l\000\040\000m\000o\000d\000e\000l\000s}{chapter.0.4}% 8
\BOOKMARK [0][]{chapter.0.5}{\376\377\0005\000\040\000R\000e\000s\000u\000l\000t\000s}{}% 9
\BOOKMARK [1][]{section.0.5.1}{\376\377\0005\000.\0001\000\040\000C\000a\000s\000e\000\040\000s\000t\000u\000d\000i\000e\000s}{chapter.0.5}% 10
\BOOKMARK [1][]{section.0.5.2}{\376\377\0005\000.\0002\000\040\000S\000i\000m\000u\000l\000a\000t\000i\000o\000n\000\040\000s\000t\000u\000d\000y}{chapter.0.5}% 11
\BOOKMARK [0][]{chapter.0.6}{\376\377\0006\000\040\000D\000i\000s\000c\000u\000s\000s\000i\000o\000n}{}% 12
\BOOKMARK [0][]{chapter.0.7}{\376\377\0007\000\040\000C\000o\000n\000c\000l\000u\000s\000i\000o\000n}{}% 13
\BOOKMARK [0][]{chapter*.4}{\376\377\000B\000i\000b\000l\000i\000o\000g\000r\000a\000p\000h\000y}{}% 14
\BOOKMARK [0][]{appendix.A}{\376\377\000A\000\040\000S\000o\000m\000e\000\040\000p\000r\000o\000b\000a\000b\000i\000l\000i\000t\000y\000\040\000f\000u\000n\000c\000t\000i\000o\000n\000s}{}% 15
\BOOKMARK [1][]{section.A.1}{\376\377\000A\000.\0001\000\040\000T\000h\000e\000\040\000P\000o\000i\000s\000s\000o\000n\000\040\000d\000i\000s\000t\000r\000i\000b\000u\000t\000i\000o\000n\000\040\000m\000o\000d\000e\000l}{appendix.A}% 16
\BOOKMARK [1][]{section.A.2}{\376\377\000A\000.\0002\000\040\000T\000h\000e\000\040\000G\000a\000m\000m\000a\000\040\000d\000i\000s\000t\000r\000i\000b\000u\000t\000i\000o\000n\000\040\000m\000o\000d\000e\000l}{appendix.A}% 17
\BOOKMARK [1][]{section.A.3}{\376\377\000A\000.\0003\000\040\000T\000h\000e\000\040\000N\000e\000g\000a\000t\000i\000v\000e\000\040\000B\000i\000n\000o\000m\000i\000a\000l\000\040\000d\000i\000s\000t\000r\000i\000b\000u\000t\000i\000o\000n\000\040\000m\000o\000d\000e\000l}{appendix.A}% 18
\BOOKMARK [0][]{appendix.B}{\376\377\000B\000\040\000P\000r\000o\000o\000f\000s}{}% 19
\BOOKMARK [1][]{section.B.1}{\376\377\000B\000.\0001\000\040\000H\000i\000e\000r\000a\000r\000c\000h\000i\000c\000a\000l\000\040\000P\000o\000i\000s\000s\000o\000n\000\040\000G\000a\000m\000m\000a\000\040\000m\000o\000d\000e\000l}{appendix.B}% 20
